# JRE version: OpenJDK Runtime Environment (17.0.6) (build 17.0.6+0-b2043.56-10027231)
# Java VM: OpenJDK 64-Bit Server VM (17.0.6+0-b2043.56-10027231, mixed mode, tiered, compressed oops, compressed class ptrs, g1 gc, windows-amd64)
GC Precious Log:
 CPUs: 8 total, 8 available
 Memory: 12285M
 Large Page Support: Disabled
 NUMA Support: Disabled
 Compressed Oops: Enabled (32-bit)
 Heap Region Size: 1M
 Heap Min Capacity: 8M
 Heap Initial Capacity: 192M
 Heap Max Capacity: 2G
 Pre-touch: Disabled
 Parallel Workers: 8
 Concurrent Workers: 2
 Concurrent Refinement Workers: 8
 Periodic GC: Disabled
Heap:
 garbage-first heap   total 444416K, used 295144K [0x0000000080000000, 0x0000000100000000)
  region size 1024K, 55 young (56320K), 2 survivors (2048K)
 Metaspace       used 137814K, committed 138816K, reserved 1171456K
  class space    used 18336K, committed 18816K, reserved 1048576K
GC Heap History (20 events):
Event: 59.788 GC heap before
{Heap before GC invocations=50 (full 0):
 garbage-first heap   total 396288K, used 313100K [0x0000000080000000, 0x0000000100000000)
  region size 1024K, 133 young (136192K), 19 survivors (19456K)
 Metaspace       used 120260K, committed 121216K, reserved 1155072K
  class space    used 16010K, committed 16448K, reserved 1048576K
}
Event: 59.805 GC heap after
{Heap after GC invocations=51 (full 0):
 garbage-first heap   total 396288K, used 194337K [0x0000000080000000, 0x0000000100000000)
  region size 1024K, 6 young (6144K), 6 survivors (6144K)
 Metaspace       used 120260K, committed 121216K, reserved 1155072K
  class space    used 16010K, committed 16448K, reserved 1048576K
}
Event: 62.013 GC heap before
{Heap before GC invocations=51 (full 0):
 garbage-first heap   total 396288K, used 318241K [0x0000000080000000, 0x0000000100000000)
  region size 1024K, 128 young (131072K), 6 survivors (6144K)
 Metaspace       used 123173K, committed 124160K, reserved 1163264K
  class space    used 16388K, committed 16896K, reserved 1048576K
}
Event: 62.026 GC heap after
{Heap after GC invocations=52 (full 0):
 garbage-first heap   total 396288K, used 202451K [0x0000000080000000, 0x0000000100000000)
  region size 1024K, 14 young (14336K), 14 survivors (14336K)
 Metaspace       used 123173K, committed 124160K, reserved 1163264K
  class space    used 16388K, committed 16896K, reserved 1048576K
}
Event: 63.236 GC heap before
{Heap before GC invocations=52 (full 0):
 garbage-first heap   total 396288K, used 323283K [0x0000000080000000, 0x0000000100000000)
  region size 1024K, 131 young (134144K), 14 survivors (14336K)
 Metaspace       used 129029K, committed 130112K, reserved 1163264K
  class space    used 17188K, committed 17728K, reserved 1048576K
}
Event: 63.261 GC heap after
{Heap after GC invocations=53 (full 0):
 garbage-first heap   total 396288K, used 222827K [0x0000000080000000, 0x0000000100000000)
  region size 1024K, 17 young (17408K), 17 survivors (17408K)
 Metaspace       used 129029K, committed 130112K, reserved 1163264K
  class space    used 17188K, committed 17728K, reserved 1048576K
}
Event: 64.107 GC heap before
{Heap before GC invocations=53 (full 0):
 garbage-first heap   total 396288K, used 320107K [0x0000000080000000, 0x0000000100000000)
  region size 1024K, 113 young (115712K), 17 survivors (17408K)
 Metaspace       used 131328K, committed 132352K, reserved 1171456K
  class space    used 17473K, committed 17984K, reserved 1048576K
}
Event: 64.132 GC heap after
{Heap after GC invocations=54 (full 0):
 garbage-first heap   total 396288K, used 237865K [0x0000000080000000, 0x0000000100000000)
  region size 1024K, 15 young (15360K), 15 survivors (15360K)
 Metaspace       used 131328K, committed 132352K, reserved 1171456K
  class space    used 17473K, committed 17984K, reserved 1048576K
}
Event: 64.234 GC heap before
{Heap before GC invocations=54 (full 0):
 garbage-first heap   total 396288K, used 255273K [0x0000000080000000, 0x0000000100000000)
  region size 1024K, 33 young (33792K), 15 survivors (15360K)
 Metaspace       used 131581K, committed 132608K, reserved 1171456K
  class space    used 17511K, committed 18048K, reserved 1048576K
}
Event: 64.251 GC heap after
{Heap after GC invocations=55 (full 0):
 garbage-first heap   total 396288K, used 244455K [0x0000000080000000, 0x0000000100000000)
  region size 1024K, 6 young (6144K), 6 survivors (6144K)
 Metaspace       used 131581K, committed 132608K, reserved 1171456K
  class space    used 17511K, committed 18048K, reserved 1048576K
}
Event: 65.774 GC heap before
{Heap before GC invocations=56 (full 0):
 garbage-first heap   total 432128K, used 318183K [0x0000000080000000, 0x0000000100000000)
  region size 1024K, 78 young (79872K), 6 survivors (6144K)
 Metaspace       used 136549K, committed 137536K, reserved 1171456K
  class space    used 18266K, committed 18752K, reserved 1048576K
}
Event: 65.783 GC heap after
{Heap after GC invocations=57 (full 0):
 garbage-first heap   total 432128K, used 244727K [0x0000000080000000, 0x0000000100000000)
  region size 1024K, 6 young (6144K), 6 survivors (6144K)
 Metaspace       used 136549K, committed 137536K, reserved 1171456K
  class space    used 18266K, committed 18752K, reserved 1048576K
}
Event: 65.970 GC heap before
{Heap before GC invocations=57 (full 0):
 garbage-first heap   total 432128K, used 260087K [0x0000000080000000, 0x0000000100000000)
  region size 1024K, 21 young (21504K), 6 survivors (6144K)
 Metaspace       used 136685K, committed 137664K, reserved 1171456K
  class space    used 18266K, committed 18752K, reserved 1048576K
}
Event: 65.978 GC heap after
{Heap after GC invocations=58 (full 0):
 garbage-first heap   total 432128K, used 240104K [0x0000000080000000, 0x0000000100000000)
  region size 1024K, 1 young (1024K), 1 survivors (1024K)
 Metaspace       used 136685K, committed 137664K, reserved 1171456K
  class space    used 18266K, committed 18752K, reserved 1048576K
}
Event: 66.914 GC heap before
{Heap before GC invocations=58 (full 0):
 garbage-first heap   total 432128K, used 346600K [0x0000000080000000, 0x0000000100000000)
  region size 1024K, 105 young (107520K), 1 survivors (1024K)
 Metaspace       used 137296K, committed 138304K, reserved 1171456K
  class space    used 18284K, committed 18816K, reserved 1048576K
}
Event: 66.921 GC heap after
{Heap after GC invocations=59 (full 0):
 garbage-first heap   total 432128K, used 244998K [0x0000000080000000, 0x0000000100000000)
  region size 1024K, 6 young (6144K), 6 survivors (6144K)
 Metaspace       used 137296K, committed 138304K, reserved 1171456K
  class space    used 18284K, committed 18816K, reserved 1048576K
}
Event: 67.934 GC heap before
{Heap before GC invocations=60 (full 0):
 garbage-first heap   total 444416K, used 350470K [0x0000000080000000, 0x0000000100000000)
  region size 1024K, 111 young (113664K), 6 survivors (6144K)
 Metaspace       used 137433K, committed 138496K, reserved 1171456K
  class space    used 18287K, committed 18816K, reserved 1048576K
}
Event: 67.943 GC heap after
{Heap after GC invocations=61 (full 0):
 garbage-first heap   total 444416K, used 245040K [0x0000000080000000, 0x0000000100000000)
  region size 1024K, 8 young (8192K), 8 survivors (8192K)
 Metaspace       used 137433K, committed 138496K, reserved 1171456K
  class space    used 18287K, committed 18816K, reserved 1048576K
}
Event: 68.021 GC heap before
{Heap before GC invocations=61 (full 0):
 garbage-first heap   total 444416K, used 257328K [0x0000000080000000, 0x0000000100000000)
  region size 1024K, 21 young (21504K), 8 survivors (8192K)
 Metaspace       used 137457K, committed 138560K, reserved 1171456K
  class space    used 18290K, committed 18816K, reserved 1048576K
}
Event: 68.031 GC heap after
{Heap after GC invocations=62 (full 0):
 garbage-first heap   total 444416K, used 241896K [0x0000000080000000, 0x0000000100000000)
  region size 1024K, 2 young (2048K), 2 survivors (2048K)
 Metaspace       used 137457K, committed 138560K, reserved 1171456K
  class space    used 18290K, committed 18816K, reserved 1048576K
}

