# JRE version: OpenJDK Runtime Environment (17.0.6) (build 17.0.6+0-b2043.56-10027231)
# Java VM: OpenJDK 64-Bit Server VM (17.0.6+0-b2043.56-10027231, mixed mode, tiered, compressed oops, compressed class ptrs, g1 gc, windows-amd64)
GC Precious Log:
 CPUs: 8 total, 8 available
 Memory: 12285M
 Large Page Support: Disabled
 NUMA Support: Disabled
 Compressed Oops: Enabled (32-bit)
 Heap Region Size: 1M
 Heap Min Capacity: 8M
 Heap Initial Capacity: 192M
 Heap Max Capacity: 2G
 Pre-touch: Disabled
 Parallel Workers: 8
 Concurrent Workers: 2
 Concurrent Refinement Workers: 8
 Periodic GC: Disabled
Heap:
 garbage-first heap   total 460800K, used 275456K [0x0000000080000000, 0x0000000100000000)
  region size 1024K, 14 young (14336K), 14 survivors (14336K)
 Metaspace       used 148755K, committed 149824K, reserved 1179648K
  class space    used 19599K, committed 20160K, reserved 1048576K
GC Heap History (20 events):
Event: 929.750 GC heap after
{Heap after GC invocations=98 (full 0):
 garbage-first heap   total 416768K, used 209422K [0x0000000080000000, 0x0000000100000000)
  region size 1024K, 3 young (3072K), 3 survivors (3072K)
 Metaspace       used 137818K, committed 138880K, reserved 1171456K
  class space    used 17907K, committed 18432K, reserved 1048576K
}
Event: 929.785 GC heap before
{Heap before GC invocations=98 (full 0):
 garbage-first heap   total 416768K, used 225806K [0x0000000080000000, 0x0000000100000000)
  region size 1024K, 20 young (20480K), 3 survivors (3072K)
 Metaspace       used 137825K, committed 138880K, reserved 1171456K
  class space    used 17907K, committed 18432K, reserved 1048576K
}
Event: 929.790 GC heap after
{Heap after GC invocations=99 (full 0):
 garbage-first heap   total 416768K, used 184673K [0x0000000080000000, 0x0000000100000000)
  region size 1024K, 2 young (2048K), 2 survivors (2048K)
 Metaspace       used 137825K, committed 138880K, reserved 1171456K
  class space    used 17907K, committed 18432K, reserved 1048576K
}
Event: 931.449 GC heap before
{Heap before GC invocations=99 (full 0):
 garbage-first heap   total 416768K, used 345441K [0x0000000080000000, 0x0000000100000000)
  region size 1024K, 160 young (163840K), 2 survivors (2048K)
 Metaspace       used 137912K, committed 138944K, reserved 1171456K
  class space    used 17912K, committed 18432K, reserved 1048576K
}
Event: 931.458 GC heap after
{Heap after GC invocations=100 (full 0):
 garbage-first heap   total 416768K, used 191607K [0x0000000080000000, 0x0000000100000000)
  region size 1024K, 9 young (9216K), 9 survivors (9216K)
 Metaspace       used 137912K, committed 138944K, reserved 1171456K
  class space    used 17912K, committed 18432K, reserved 1048576K
}
Event: 933.258 GC heap before
{Heap before GC invocations=100 (full 0):
 garbage-first heap   total 416768K, used 345207K [0x0000000080000000, 0x0000000100000000)
  region size 1024K, 160 young (163840K), 9 survivors (9216K)
 Metaspace       used 137930K, committed 138944K, reserved 1171456K
  class space    used 17912K, committed 18432K, reserved 1048576K
}
Event: 933.267 GC heap after
{Heap after GC invocations=101 (full 0):
 garbage-first heap   total 416768K, used 195324K [0x0000000080000000, 0x0000000100000000)
  region size 1024K, 12 young (12288K), 12 survivors (12288K)
 Metaspace       used 137930K, committed 138944K, reserved 1171456K
  class space    used 17912K, committed 18432K, reserved 1048576K
}
Event: 936.372 GC heap before
{Heap before GC invocations=101 (full 0):
 garbage-first heap   total 416768K, used 353020K [0x0000000080000000, 0x0000000100000000)
  region size 1024K, 165 young (168960K), 12 survivors (12288K)
 Metaspace       used 138848K, committed 139904K, reserved 1171456K
  class space    used 18018K, committed 18560K, reserved 1048576K
}
Event: 936.382 GC heap after
{Heap after GC invocations=102 (full 0):
 garbage-first heap   total 416768K, used 195287K [0x0000000080000000, 0x0000000100000000)
  region size 1024K, 11 young (11264K), 11 survivors (11264K)
 Metaspace       used 138848K, committed 139904K, reserved 1171456K
  class space    used 18018K, committed 18560K, reserved 1048576K
}
Event: 949.267 GC heap before
{Heap before GC invocations=102 (full 0):
 garbage-first heap   total 416768K, used 352983K [0x0000000080000000, 0x0000000100000000)
  region size 1024K, 166 young (169984K), 11 survivors (11264K)
 Metaspace       used 139978K, committed 141056K, reserved 1171456K
  class space    used 18153K, committed 18688K, reserved 1048576K
}
Event: 949.284 GC heap after
{Heap after GC invocations=103 (full 0):
 garbage-first heap   total 416768K, used 203243K [0x0000000080000000, 0x0000000100000000)
  region size 1024K, 19 young (19456K), 19 survivors (19456K)
 Metaspace       used 139978K, committed 141056K, reserved 1171456K
  class space    used 18153K, committed 18688K, reserved 1048576K
}
Event: 954.224 GC heap before
{Heap before GC invocations=103 (full 0):
 garbage-first heap   total 416768K, used 348651K [0x0000000080000000, 0x0000000100000000)
  region size 1024K, 162 young (165888K), 19 survivors (19456K)
 Metaspace       used 143204K, committed 144320K, reserved 1179648K
  class space    used 18640K, committed 19200K, reserved 1048576K
}
Event: 954.272 GC heap after
{Heap after GC invocations=104 (full 0):
 garbage-first heap   total 416768K, used 230380K [0x0000000080000000, 0x0000000100000000)
  region size 1024K, 21 young (21504K), 21 survivors (21504K)
 Metaspace       used 143204K, committed 144320K, reserved 1179648K
  class space    used 18640K, committed 19200K, reserved 1048576K
}
Event: 954.722 GC heap before
{Heap before GC invocations=104 (full 0):
 garbage-first heap   total 416768K, used 339948K [0x0000000080000000, 0x0000000100000000)
  region size 1024K, 129 young (132096K), 21 survivors (21504K)
 Metaspace       used 143978K, committed 145088K, reserved 1179648K
  class space    used 18721K, committed 19264K, reserved 1048576K
}
Event: 954.762 GC heap after
{Heap after GC invocations=105 (full 0):
 garbage-first heap   total 416768K, used 248832K [0x0000000080000000, 0x0000000100000000)
  region size 1024K, 17 young (17408K), 17 survivors (17408K)
 Metaspace       used 143978K, committed 145088K, reserved 1179648K
  class space    used 18721K, committed 19264K, reserved 1048576K
}
Event: 955.625 GC heap before
{Heap before GC invocations=106 (full 0):
 garbage-first heap   total 460800K, used 338944K [0x0000000080000000, 0x0000000100000000)
  region size 1024K, 105 young (107520K), 17 survivors (17408K)
 Metaspace       used 145707K, committed 146816K, reserved 1179648K
  class space    used 19024K, committed 19584K, reserved 1048576K
}
Event: 955.656 GC heap after
{Heap after GC invocations=107 (full 0):
 garbage-first heap   total 460800K, used 264674K [0x0000000080000000, 0x0000000100000000)
  region size 1024K, 14 young (14336K), 14 survivors (14336K)
 Metaspace       used 145707K, committed 146816K, reserved 1179648K
  class space    used 19024K, committed 19584K, reserved 1048576K
}
Event: 955.690 GC heap before
{Heap before GC invocations=107 (full 0):
 garbage-first heap   total 460800K, used 272866K [0x0000000080000000, 0x0000000100000000)
  region size 1024K, 22 young (22528K), 14 survivors (14336K)
 Metaspace       used 145822K, committed 146944K, reserved 1179648K
  class space    used 19044K, committed 19584K, reserved 1048576K
}
Event: 955.709 GC heap after
{Heap after GC invocations=108 (full 0):
 garbage-first heap   total 460800K, used 261260K [0x0000000080000000, 0x0000000100000000)
  region size 1024K, 3 young (3072K), 3 survivors (3072K)
 Metaspace       used 145822K, committed 146944K, reserved 1179648K
  class space    used 19044K, committed 19584K, reserved 1048576K
}
Event: 956.625 GC heap before
{Heap before GC invocations=108 (full 0):
 garbage-first heap   total 460800K, used 372876K [0x0000000080000000, 0x0000000100000000)
  region size 1024K, 112 young (114688K), 3 survivors (3072K)
 Metaspace       used 148755K, committed 149824K, reserved 1179648K
  class space    used 19599K, committed 20160K, reserved 1048576K
}

