# JRE version: OpenJDK Runtime Environment (17.0.6) (build 17.0.6+0-b2043.56-10027231)
# Java VM: OpenJDK 64-Bit Server VM (17.0.6+0-b2043.56-10027231, mixed mode, tiered, compressed oops, compressed class ptrs, g1 gc, windows-amd64)
GC Precious Log:
 CPUs: 8 total, 8 available
 Memory: 12285M
 Large Page Support: Disabled
 NUMA Support: Disabled
 Compressed Oops: Enabled (32-bit)
 Heap Region Size: 1M
 Heap Min Capacity: 8M
 Heap Initial Capacity: 192M
 Heap Max Capacity: 2G
 Pre-touch: Disabled
 Parallel Workers: 8
 Concurrent Workers: 2
 Concurrent Refinement Workers: 8
 Periodic GC: Disabled
Heap:
 garbage-first heap   total 465920K, used 352768K [0x0000000080000000, 0x0000000100000000)
  region size 1024K, 7 young (7168K), 7 survivors (7168K)
 Metaspace       used 109004K, committed 109760K, reserved 1146880K
  class space    used 14770K, committed 15104K, reserved 1048576K
GC Heap History (20 events):
Event: 23.190 GC heap after
{Heap after GC invocations=39 (full 0):
 garbage-first heap   total 465920K, used 155199K [0x0000000080000000, 0x0000000100000000)
  region size 1024K, 13 young (13312K), 13 survivors (13312K)
 Metaspace       used 104440K, committed 105216K, reserved 1146880K
  class space    used 14175K, committed 14528K, reserved 1048576K
}
Event: 24.625 GC heap before
{Heap before GC invocations=39 (full 0):
 garbage-first heap   total 465920K, used 388671K [0x0000000080000000, 0x0000000100000000)
  region size 1024K, 241 young (246784K), 13 survivors (13312K)
 Metaspace       used 104592K, committed 105344K, reserved 1146880K
  class space    used 14188K, committed 14528K, reserved 1048576K
}
Event: 24.638 GC heap after
{Heap after GC invocations=40 (full 0):
 garbage-first heap   total 465920K, used 156090K [0x0000000080000000, 0x0000000100000000)
  region size 1024K, 14 young (14336K), 14 survivors (14336K)
 Metaspace       used 104592K, committed 105344K, reserved 1146880K
  class space    used 14188K, committed 14528K, reserved 1048576K
}
Event: 25.929 GC heap before
{Heap before GC invocations=40 (full 0):
 garbage-first heap   total 465920K, used 394682K [0x0000000080000000, 0x0000000100000000)
  region size 1024K, 247 young (252928K), 14 survivors (14336K)
 Metaspace       used 104638K, committed 105344K, reserved 1146880K
  class space    used 14190K, committed 14528K, reserved 1048576K
}
Event: 25.946 GC heap after
{Heap after GC invocations=41 (full 0):
 garbage-first heap   total 465920K, used 157571K [0x0000000080000000, 0x0000000100000000)
  region size 1024K, 16 young (16384K), 16 survivors (16384K)
 Metaspace       used 104638K, committed 105344K, reserved 1146880K
  class space    used 14190K, committed 14528K, reserved 1048576K
}
Event: 27.183 GC heap before
{Heap before GC invocations=41 (full 0):
 garbage-first heap   total 465920K, used 398211K [0x0000000080000000, 0x0000000100000000)
  region size 1024K, 251 young (257024K), 16 survivors (16384K)
 Metaspace       used 104649K, committed 105408K, reserved 1146880K
  class space    used 14190K, committed 14528K, reserved 1048576K
}
Event: 27.198 GC heap after
{Heap after GC invocations=42 (full 0):
 garbage-first heap   total 465920K, used 158271K [0x0000000080000000, 0x0000000100000000)
  region size 1024K, 16 young (16384K), 16 survivors (16384K)
 Metaspace       used 104649K, committed 105408K, reserved 1146880K
  class space    used 14190K, committed 14528K, reserved 1048576K
}
Event: 28.369 GC heap before
{Heap before GC invocations=42 (full 0):
 garbage-first heap   total 465920K, used 401983K [0x0000000080000000, 0x0000000100000000)
  region size 1024K, 254 young (260096K), 16 survivors (16384K)
 Metaspace       used 104656K, committed 105408K, reserved 1146880K
  class space    used 14190K, committed 14528K, reserved 1048576K
}
Event: 28.385 GC heap after
{Heap after GC invocations=43 (full 0):
 garbage-first heap   total 465920K, used 159669K [0x0000000080000000, 0x0000000100000000)
  region size 1024K, 18 young (18432K), 18 survivors (18432K)
 Metaspace       used 104656K, committed 105408K, reserved 1146880K
  class space    used 14190K, committed 14528K, reserved 1048576K
}
Event: 29.955 GC heap before
{Heap before GC invocations=43 (full 0):
 garbage-first heap   total 465920K, used 306101K [0x0000000080000000, 0x0000000100000000)
  region size 1024K, 137 young (140288K), 18 survivors (18432K)
 Metaspace       used 107634K, committed 108352K, reserved 1146880K
  class space    used 14608K, committed 14912K, reserved 1048576K
}
Event: 29.973 GC heap after
{Heap after GC invocations=44 (full 0):
 garbage-first heap   total 465920K, used 183871K [0x0000000080000000, 0x0000000100000000)
  region size 1024K, 23 young (23552K), 23 survivors (23552K)
 Metaspace       used 107634K, committed 108352K, reserved 1146880K
  class space    used 14608K, committed 14912K, reserved 1048576K
}
Event: 30.047 GC heap before
{Heap before GC invocations=44 (full 0):
 garbage-first heap   total 465920K, used 244287K [0x0000000080000000, 0x0000000100000000)
  region size 1024K, 50 young (51200K), 23 survivors (23552K)
 Metaspace       used 108296K, committed 108992K, reserved 1146880K
  class space    used 14715K, committed 15040K, reserved 1048576K
}
Event: 30.067 GC heap after
{Heap after GC invocations=45 (full 0):
 garbage-first heap   total 465920K, used 211576K [0x0000000080000000, 0x0000000100000000)
  region size 1024K, 23 young (23552K), 23 survivors (23552K)
 Metaspace       used 108296K, committed 108992K, reserved 1146880K
  class space    used 14715K, committed 15040K, reserved 1048576K
}
Event: 30.825 GC heap before
{Heap before GC invocations=45 (full 0):
 garbage-first heap   total 465920K, used 356984K [0x0000000080000000, 0x0000000100000000)
  region size 1024K, 139 young (142336K), 23 survivors (23552K)
 Metaspace       used 108872K, committed 109568K, reserved 1146880K
  class space    used 14764K, committed 15104K, reserved 1048576K
}
Event: 30.873 GC heap after
{Heap after GC invocations=46 (full 0):
 garbage-first heap   total 465920K, used 249856K [0x0000000080000000, 0x0000000100000000)
  region size 1024K, 18 young (18432K), 18 survivors (18432K)
 Metaspace       used 108872K, committed 109568K, reserved 1146880K
  class space    used 14764K, committed 15104K, reserved 1048576K
}
Event: 31.248 GC heap before
{Heap before GC invocations=46 (full 0):
 garbage-first heap   total 465920K, used 345088K [0x0000000080000000, 0x0000000100000000)
  region size 1024K, 112 young (114688K), 18 survivors (18432K)
 Metaspace       used 108999K, committed 109760K, reserved 1146880K
  class space    used 14770K, committed 15104K, reserved 1048576K
}
Event: 31.331 GC heap after
{Heap after GC invocations=47 (full 0):
 garbage-first heap   total 465920K, used 297703K [0x0000000080000000, 0x0000000100000000)
  region size 1024K, 14 young (14336K), 14 survivors (14336K)
 Metaspace       used 108999K, committed 109760K, reserved 1146880K
  class space    used 14770K, committed 15104K, reserved 1048576K
}
Event: 31.524 GC heap before
{Heap before GC invocations=47 (full 0):
 garbage-first heap   total 465920K, used 358119K [0x0000000080000000, 0x0000000100000000)
  region size 1024K, 74 young (75776K), 14 survivors (14336K)
 Metaspace       used 109003K, committed 109760K, reserved 1146880K
  class space    used 14770K, committed 15104K, reserved 1048576K
}
Event: 31.594 GC heap after
{Heap after GC invocations=48 (full 0):
 garbage-first heap   total 465920K, used 329216K [0x0000000080000000, 0x0000000100000000)
  region size 1024K, 10 young (10240K), 10 survivors (10240K)
 Metaspace       used 109003K, committed 109760K, reserved 1146880K
  class space    used 14770K, committed 15104K, reserved 1048576K
}
Event: 31.772 GC heap before
{Heap before GC invocations=48 (full 0):
 garbage-first heap   total 465920K, used 371200K [0x0000000080000000, 0x0000000100000000)
  region size 1024K, 52 young (53248K), 10 survivors (10240K)
 Metaspace       used 109004K, committed 109760K, reserved 1146880K
  class space    used 14770K, committed 15104K, reserved 1048576K
}

